<?xml version="1.0" encoding="UTF-8"?>
<!-- Generated by org.testng.reporters.JUnitReportReporter -->
<testsuite skipped="0" hostname="DESKTOP-T9GKU6A" name="driverFactory.DriverScript" tests="1" failures="0" timestamp="25 Feb 2023 08:41:45 GMT" time="36.378" errors="0">
  <testcase name="startTest" time="36.378" classname="driverFactory.DriverScript"/>
</testsuite> <!-- driverFactory.DriverScript -->
