<?xml version="1.0" encoding="UTF-8"?>
<!-- Generated by org.testng.reporters.JUnitReportReporter -->
<testsuite skipped="0" hostname="DESKTOP-T9GKU6A" name="driverFactory.AppTest" tests="1" failures="0" timestamp="06 Mar 2023 05:17:48 GMT" time="32.726" errors="0">
  <testcase name="startTest" time="32.726" classname="driverFactory.AppTest"/>
</testsuite> <!-- driverFactory.AppTest -->
